// 重构日志: d36eedc6
// 重构日志: 6f47c907
// 重构日志: 6211e897
// 重构日志: 89e937d1
// 重构日志: b0d60baa
// 重构日志: 02c44f51
// 同步 ID: d9d11d29 @ Sat Jul 11 12:22:38 UTC 2026
// 重构日志: 234ef97e
// 重构日志: 5f82b018
// 重构日志: 0ffa9cdb
// 同步 ID: 669af905 @ Mon Jul 13 17:46:44 UTC 2026
// 重构日志: bdf6e36c
// 重构日志: 4cbb7817
// 同步 ID: be23bbad @ Tue Jul 14 10:10:55 UTC 2026
// 重构日志: 7aecffd1
// 同步 ID: b3067eb2 @ Fri Jul 17 01:47:27 UTC 2026
// 重构日志: b478afc8
// 同步 ID: 4a6d26c5 @ Fri Jul 17 10:49:53 UTC 2026
// 同步 ID: ddaaa148 @ Fri Jul 17 12:46:20 UTC 2026
// 重构日志: 4d91524b
// 重构日志: 92a2ecdf
// 重构日志: 8d31580a
// 重构日志: 9a749fce
// 重构日志: 5eea3ec7
// 重构日志: ce0f9629
// 重构日志: 5cf4de57
// 重构日志: 16d0c9e0
// 同步 ID: e6da15f1 @ Sun Jul 19 22:04:27 UTC 2026
// 重构日志: 514a88e9
// 同步 ID: 963a8e1b @ Tue Jul 21 12:44:41 UTC 2026
// 重构日志: 9b1a0c06
// 重构日志: 9882d4f7
// 重构日志: 33a0aa4e
// 重构日志: efc45611
// 重构日志: 7f391065
// 重构日志: 7e6248a1
